Analysis & Synthesis report for top_hms_clock
Mon Nov 11 20:08:03 2019
Quartus II 64-Bit Version 13.1.0 Build 162 10/23/2013 SJ Web Edition


---------------------
; Table of Contents ;
---------------------
  1. Legal Notice
  2. Analysis & Synthesis Summary
  3. Analysis & Synthesis Settings
  4. Parallel Compilation
  5. Analysis & Synthesis Source Files Read
  6. Analysis & Synthesis Resource Usage Summary
  7. Analysis & Synthesis Resource Utilization by Entity
  8. User-Specified and Inferred Latches
  9. Registers Removed During Synthesis
 10. General Register Statistics
 11. Multiplexer Restructuring Statistics (Restructuring Performed)
 12. Parameter Settings for User Entity Instance: controller:controller_u_ctrl
 13. Parameter Settings for Inferred Entity Instance: double_fig_sep:double_fig_sep_u1_dfs|lpm_divide:Mod0
 14. Parameter Settings for Inferred Entity Instance: double_fig_sep:double_fig_sep_u0_dfs|lpm_divide:Div0
 15. Parameter Settings for Inferred Entity Instance: double_fig_sep:double_fig_sep_u0_dfs|lpm_divide:Mod0
 16. Parameter Settings for Inferred Entity Instance: double_fig_sep:double_fig_sep_u1_dfs|lpm_divide:Div0
 17. Port Connectivity Checks: "led_disp:led_disp_u_led_disp|nco:u_nco"
 18. Port Connectivity Checks: "led_disp:led_disp_u_led_disp"
 19. Port Connectivity Checks: "minsec:minsec_u_minsec|hms_cnt:u1_hms_cnt"
 20. Port Connectivity Checks: "minsec:minsec_u_minsec|hms_cnt:u0_hms_cnt"
 21. Port Connectivity Checks: "controller:controller_u_ctrl|nco:u1_nco"
 22. Port Connectivity Checks: "controller:controller_u_ctrl|nco:u0_nco"
 23. Port Connectivity Checks: "controller:controller_u_ctrl"
 24. Elapsed Time Per Partition
 25. Analysis & Synthesis Messages



----------------
; Legal Notice ;
----------------
Copyright (C) 1991-2013 Altera Corporation
Your use of Altera Corporation's design tools, logic functions 
and other software and tools, and its AMPP partner logic 
functions, and any output files from any of the foregoing 
(including device programming or simulation files), and any 
associated documentation or information are expressly subject 
to the terms and conditions of the Altera Program License 
Subscription Agreement, Altera MegaCore Function License 
Agreement, or other applicable license agreement, including, 
without limitation, that your use is for the sole purpose of 
programming logic devices manufactured by Altera and sold by 
Altera or its authorized distributors.  Please refer to the 
applicable agreement for further details.



+---------------------------------------------------------------------------------+
; Analysis & Synthesis Summary                                                    ;
+------------------------------------+--------------------------------------------+
; Analysis & Synthesis Status        ; Successful - Mon Nov 11 20:08:03 2019      ;
; Quartus II 64-Bit Version          ; 13.1.0 Build 162 10/23/2013 SJ Web Edition ;
; Revision Name                      ; top_hms_clock                              ;
; Top-level Entity Name              ; top_hms_clock                              ;
; Family                             ; Cyclone IV E                               ;
; Total logic elements               ; 365                                        ;
;     Total combinational functions  ; 359                                        ;
;     Dedicated logic registers      ; 123                                        ;
; Total registers                    ; 123                                        ;
; Total pins                         ; 19                                         ;
; Total virtual pins                 ; 0                                          ;
; Total memory bits                  ; 0                                          ;
; Embedded Multiplier 9-bit elements ; 0                                          ;
; Total PLLs                         ; 0                                          ;
+------------------------------------+--------------------------------------------+


+----------------------------------------------------------------------------------------------------------------------+
; Analysis & Synthesis Settings                                                                                        ;
+----------------------------------------------------------------------------+--------------------+--------------------+
; Option                                                                     ; Setting            ; Default Value      ;
+----------------------------------------------------------------------------+--------------------+--------------------+
; Device                                                                     ; EP4CE22F17C6       ;                    ;
; Top-level entity name                                                      ; top_hms_clock      ; top_hms_clock      ;
; Family name                                                                ; Cyclone IV E       ; Cyclone IV GX      ;
; Use smart compilation                                                      ; Off                ; Off                ;
; Enable parallel Assembler and TimeQuest Timing Analyzer during compilation ; On                 ; On                 ;
; Enable compact report table                                                ; Off                ; Off                ;
; Restructure Multiplexers                                                   ; Auto               ; Auto               ;
; Create Debugging Nodes for IP Cores                                        ; Off                ; Off                ;
; Preserve fewer node names                                                  ; On                 ; On                 ;
; Disable OpenCore Plus hardware evaluation                                  ; Off                ; Off                ;
; Verilog Version                                                            ; Verilog_2001       ; Verilog_2001       ;
; VHDL Version                                                               ; VHDL_1993          ; VHDL_1993          ;
; State Machine Processing                                                   ; Auto               ; Auto               ;
; Safe State Machine                                                         ; Off                ; Off                ;
; Extract Verilog State Machines                                             ; On                 ; On                 ;
; Extract VHDL State Machines                                                ; On                 ; On                 ;
; Ignore Verilog initial constructs                                          ; Off                ; Off                ;
; Iteration limit for constant Verilog loops                                 ; 5000               ; 5000               ;
; Iteration limit for non-constant Verilog loops                             ; 250                ; 250                ;
; Add Pass-Through Logic to Inferred RAMs                                    ; On                 ; On                 ;
; Infer RAMs from Raw Logic                                                  ; On                 ; On                 ;
; Parallel Synthesis                                                         ; On                 ; On                 ;
; DSP Block Balancing                                                        ; Auto               ; Auto               ;
; NOT Gate Push-Back                                                         ; On                 ; On                 ;
; Power-Up Don't Care                                                        ; On                 ; On                 ;
; Remove Redundant Logic Cells                                               ; Off                ; Off                ;
; Remove Duplicate Registers                                                 ; On                 ; On                 ;
; Ignore CARRY Buffers                                                       ; Off                ; Off                ;
; Ignore CASCADE Buffers                                                     ; Off                ; Off                ;
; Ignore GLOBAL Buffers                                                      ; Off                ; Off                ;
; Ignore ROW GLOBAL Buffers                                                  ; Off                ; Off                ;
; Ignore LCELL Buffers                                                       ; Off                ; Off                ;
; Ignore SOFT Buffers                                                        ; On                 ; On                 ;
; Limit AHDL Integers to 32 Bits                                             ; Off                ; Off                ;
; Optimization Technique                                                     ; Balanced           ; Balanced           ;
; Carry Chain Length                                                         ; 70                 ; 70                 ;
; Auto Carry Chains                                                          ; On                 ; On                 ;
; Auto Open-Drain Pins                                                       ; On                 ; On                 ;
; Perform WYSIWYG Primitive Resynthesis                                      ; Off                ; Off                ;
; Auto ROM Replacement                                                       ; On                 ; On                 ;
; Auto RAM Replacement                                                       ; On                 ; On                 ;
; Auto DSP Block Replacement                                                 ; On                 ; On                 ;
; Auto Shift Register Replacement                                            ; Auto               ; Auto               ;
; Allow Shift Register Merging across Hierarchies                            ; Auto               ; Auto               ;
; Auto Clock Enable Replacement                                              ; On                 ; On                 ;
; Strict RAM Replacement                                                     ; Off                ; Off                ;
; Allow Synchronous Control Signals                                          ; On                 ; On                 ;
; Force Use of Synchronous Clear Signals                                     ; Off                ; Off                ;
; Auto RAM Block Balancing                                                   ; On                 ; On                 ;
; Auto RAM to Logic Cell Conversion                                          ; Off                ; Off                ;
; Auto Resource Sharing                                                      ; Off                ; Off                ;
; Allow Any RAM Size For Recognition                                         ; Off                ; Off                ;
; Allow Any ROM Size For Recognition                                         ; Off                ; Off                ;
; Allow Any Shift Register Size For Recognition                              ; Off                ; Off                ;
; Use LogicLock Constraints during Resource Balancing                        ; On                 ; On                 ;
; Ignore translate_off and synthesis_off directives                          ; Off                ; Off                ;
; Timing-Driven Synthesis                                                    ; On                 ; On                 ;
; Report Parameter Settings                                                  ; On                 ; On                 ;
; Report Source Assignments                                                  ; On                 ; On                 ;
; Report Connectivity Checks                                                 ; On                 ; On                 ;
; Ignore Maximum Fan-Out Assignments                                         ; Off                ; Off                ;
; Synchronization Register Chain Length                                      ; 2                  ; 2                  ;
; PowerPlay Power Optimization                                               ; Normal compilation ; Normal compilation ;
; HDL message level                                                          ; Level2             ; Level2             ;
; Suppress Register Optimization Related Messages                            ; Off                ; Off                ;
; Number of Removed Registers Reported in Synthesis Report                   ; 5000               ; 5000               ;
; Number of Swept Nodes Reported in Synthesis Report                         ; 5000               ; 5000               ;
; Number of Inverted Registers Reported in Synthesis Report                  ; 100                ; 100                ;
; Clock MUX Protection                                                       ; On                 ; On                 ;
; Auto Gated Clock Conversion                                                ; Off                ; Off                ;
; Block Design Naming                                                        ; Auto               ; Auto               ;
; SDC constraint protection                                                  ; Off                ; Off                ;
; Synthesis Effort                                                           ; Auto               ; Auto               ;
; Shift Register Replacement - Allow Asynchronous Clear Signal               ; On                 ; On                 ;
; Pre-Mapping Resynthesis Optimization                                       ; Off                ; Off                ;
; Analysis & Synthesis Message Level                                         ; Medium             ; Medium             ;
; Disable Register Merging Across Hierarchies                                ; Auto               ; Auto               ;
; Resource Aware Inference For Block RAM                                     ; On                 ; On                 ;
; Synthesis Seed                                                             ; 1                  ; 1                  ;
+----------------------------------------------------------------------------+--------------------+--------------------+


Parallel compilation was disabled, but you have multiple processors available. Enable parallel compilation to reduce compilation time.
+-------------------------------------+
; Parallel Compilation                ;
+----------------------------+--------+
; Processors                 ; Number ;
+----------------------------+--------+
; Number detected on machine ; 4      ;
; Maximum allowed            ; 1      ;
+----------------------------+--------+


+-------------------------------------------------------------------------------------------------------------------------------------------------------------------------------------------+
; Analysis & Synthesis Source Files Read                                                                                                                                                    ;
+----------------------------------+-----------------+------------------------------+---------------------------------------------------------------------------------------------+---------+
; File Name with User-Entered Path ; Used in Netlist ; File Type                    ; File Name with Absolute Path                                                                ; Library ;
+----------------------------------+-----------------+------------------------------+---------------------------------------------------------------------------------------------+---------+
; ../practice07.v                  ; yes             ; User Verilog HDL File        ; C:/Users/SM-PC/Desktop/project1810918/practice07/practice07.v                               ;         ;
; lpm_divide.tdf                   ; yes             ; Megafunction                 ; c:/altera/13.1/quartus/libraries/megafunctions/lpm_divide.tdf                               ;         ;
; abs_divider.inc                  ; yes             ; Megafunction                 ; c:/altera/13.1/quartus/libraries/megafunctions/abs_divider.inc                              ;         ;
; sign_div_unsign.inc              ; yes             ; Megafunction                 ; c:/altera/13.1/quartus/libraries/megafunctions/sign_div_unsign.inc                          ;         ;
; aglobal131.inc                   ; yes             ; Megafunction                 ; c:/altera/13.1/quartus/libraries/megafunctions/aglobal131.inc                               ;         ;
; db/lpm_divide_k9m.tdf            ; yes             ; Auto-Generated Megafunction  ; C:/Users/SM-PC/Desktop/project1810918/practice07/practice07_fpga/db/lpm_divide_k9m.tdf      ;         ;
; db/sign_div_unsign_9kh.tdf       ; yes             ; Auto-Generated Megafunction  ; C:/Users/SM-PC/Desktop/project1810918/practice07/practice07_fpga/db/sign_div_unsign_9kh.tdf ;         ;
; db/alt_u_div_64f.tdf             ; yes             ; Auto-Generated Megafunction  ; C:/Users/SM-PC/Desktop/project1810918/practice07/practice07_fpga/db/alt_u_div_64f.tdf       ;         ;
; db/add_sub_7pc.tdf               ; yes             ; Auto-Generated Megafunction  ; C:/Users/SM-PC/Desktop/project1810918/practice07/practice07_fpga/db/add_sub_7pc.tdf         ;         ;
; db/add_sub_8pc.tdf               ; yes             ; Auto-Generated Megafunction  ; C:/Users/SM-PC/Desktop/project1810918/practice07/practice07_fpga/db/add_sub_8pc.tdf         ;         ;
; db/lpm_divide_hhm.tdf            ; yes             ; Auto-Generated Megafunction  ; C:/Users/SM-PC/Desktop/project1810918/practice07/practice07_fpga/db/lpm_divide_hhm.tdf      ;         ;
+----------------------------------+-----------------+------------------------------+---------------------------------------------------------------------------------------------+---------+


+-----------------------------------------------------------+
; Analysis & Synthesis Resource Usage Summary               ;
+---------------------------------------------+-------------+
; Resource                                    ; Usage       ;
+---------------------------------------------+-------------+
; Estimated Total logic elements              ; 365         ;
;                                             ;             ;
; Total combinational functions               ; 359         ;
; Logic element usage by number of LUT inputs ;             ;
;     -- 4 input functions                    ; 70          ;
;     -- 3 input functions                    ; 85          ;
;     -- <=2 input functions                  ; 204         ;
;                                             ;             ;
; Logic elements by mode                      ;             ;
;     -- normal mode                          ; 212         ;
;     -- arithmetic mode                      ; 147         ;
;                                             ;             ;
; Total registers                             ; 123         ;
;     -- Dedicated logic registers            ; 123         ;
;     -- I/O registers                        ; 0           ;
;                                             ;             ;
; I/O pins                                    ; 19          ;
; Embedded Multiplier 9-bit elements          ; 0           ;
; Maximum fan-out node                        ; rst_n~input ;
; Maximum fan-out                             ; 117         ;
; Total fan-out                               ; 1414        ;
; Average fan-out                             ; 2.72        ;
+---------------------------------------------+-------------+


+----------------------------------------------------------------------------------------------------------------------------------------------------------------------------------------------------------------------------------------------------------------------------------------------------------------------------+
; Analysis & Synthesis Resource Utilization by Entity                                                                                                                                                                                                                                                                        ;
+-------------------------------------------+-------------------+--------------+-------------+--------------+---------+-----------+------+--------------+-----------------------------------------------------------------------------------------------------------------------------------------------------+--------------+
; Compilation Hierarchy Node                ; LC Combinationals ; LC Registers ; Memory Bits ; DSP Elements ; DSP 9x9 ; DSP 18x18 ; Pins ; Virtual Pins ; Full Hierarchy Name                                                                                                                                 ; Library Name ;
+-------------------------------------------+-------------------+--------------+-------------+--------------+---------+-----------+------+--------------+-----------------------------------------------------------------------------------------------------------------------------------------------------+--------------+
; |top_hms_clock                            ; 359 (0)           ; 123 (0)      ; 0           ; 0            ; 0       ; 0         ; 19   ; 0            ; |top_hms_clock                                                                                                                                      ; work         ;
;    |controller:controller_u_ctrl|         ; 96 (6)            ; 74 (2)       ; 0           ; 0            ; 0       ; 0         ; 0    ; 0            ; |top_hms_clock|controller:controller_u_ctrl                                                                                                         ; work         ;
;       |debounce:u0_debounce|              ; 1 (1)             ; 2 (2)        ; 0           ; 0            ; 0       ; 0         ; 0    ; 0            ; |top_hms_clock|controller:controller_u_ctrl|debounce:u0_debounce                                                                                    ; work         ;
;       |debounce:u1_debounce|              ; 1 (1)             ; 2 (2)        ; 0           ; 0            ; 0       ; 0         ; 0    ; 0            ; |top_hms_clock|controller:controller_u_ctrl|debounce:u1_debounce                                                                                    ; work         ;
;       |debounce:u2_debounce|              ; 0 (0)             ; 2 (2)        ; 0           ; 0            ; 0       ; 0         ; 0    ; 0            ; |top_hms_clock|controller:controller_u_ctrl|debounce:u2_debounce                                                                                    ; work         ;
;       |nco:u0_nco|                        ; 44 (44)           ; 33 (33)      ; 0           ; 0            ; 0       ; 0         ; 0    ; 0            ; |top_hms_clock|controller:controller_u_ctrl|nco:u0_nco                                                                                              ; work         ;
;       |nco:u1_nco|                        ; 44 (44)           ; 33 (33)      ; 0           ; 0            ; 0       ; 0         ; 0    ; 0            ; |top_hms_clock|controller:controller_u_ctrl|nco:u1_nco                                                                                              ; work         ;
;    |double_fig_sep:double_fig_sep_u0_dfs| ; 63 (0)            ; 0 (0)        ; 0           ; 0            ; 0       ; 0         ; 0    ; 0            ; |top_hms_clock|double_fig_sep:double_fig_sep_u0_dfs                                                                                                 ; work         ;
;       |lpm_divide:Div0|                   ; 30 (0)            ; 0 (0)        ; 0           ; 0            ; 0       ; 0         ; 0    ; 0            ; |top_hms_clock|double_fig_sep:double_fig_sep_u0_dfs|lpm_divide:Div0                                                                                 ; work         ;
;          |lpm_divide_hhm:auto_generated|  ; 30 (0)            ; 0 (0)        ; 0           ; 0            ; 0       ; 0         ; 0    ; 0            ; |top_hms_clock|double_fig_sep:double_fig_sep_u0_dfs|lpm_divide:Div0|lpm_divide_hhm:auto_generated                                                   ; work         ;
;             |sign_div_unsign_9kh:divider| ; 30 (0)            ; 0 (0)        ; 0           ; 0            ; 0       ; 0         ; 0    ; 0            ; |top_hms_clock|double_fig_sep:double_fig_sep_u0_dfs|lpm_divide:Div0|lpm_divide_hhm:auto_generated|sign_div_unsign_9kh:divider                       ; work         ;
;                |alt_u_div_64f:divider|    ; 30 (30)           ; 0 (0)        ; 0           ; 0            ; 0       ; 0         ; 0    ; 0            ; |top_hms_clock|double_fig_sep:double_fig_sep_u0_dfs|lpm_divide:Div0|lpm_divide_hhm:auto_generated|sign_div_unsign_9kh:divider|alt_u_div_64f:divider ; work         ;
;       |lpm_divide:Mod0|                   ; 33 (0)            ; 0 (0)        ; 0           ; 0            ; 0       ; 0         ; 0    ; 0            ; |top_hms_clock|double_fig_sep:double_fig_sep_u0_dfs|lpm_divide:Mod0                                                                                 ; work         ;
;          |lpm_divide_k9m:auto_generated|  ; 33 (0)            ; 0 (0)        ; 0           ; 0            ; 0       ; 0         ; 0    ; 0            ; |top_hms_clock|double_fig_sep:double_fig_sep_u0_dfs|lpm_divide:Mod0|lpm_divide_k9m:auto_generated                                                   ; work         ;
;             |sign_div_unsign_9kh:divider| ; 33 (0)            ; 0 (0)        ; 0           ; 0            ; 0       ; 0         ; 0    ; 0            ; |top_hms_clock|double_fig_sep:double_fig_sep_u0_dfs|lpm_divide:Mod0|lpm_divide_k9m:auto_generated|sign_div_unsign_9kh:divider                       ; work         ;
;                |alt_u_div_64f:divider|    ; 33 (33)           ; 0 (0)        ; 0           ; 0            ; 0       ; 0         ; 0    ; 0            ; |top_hms_clock|double_fig_sep:double_fig_sep_u0_dfs|lpm_divide:Mod0|lpm_divide_k9m:auto_generated|sign_div_unsign_9kh:divider|alt_u_div_64f:divider ; work         ;
;    |double_fig_sep:double_fig_sep_u1_dfs| ; 63 (0)            ; 0 (0)        ; 0           ; 0            ; 0       ; 0         ; 0    ; 0            ; |top_hms_clock|double_fig_sep:double_fig_sep_u1_dfs                                                                                                 ; work         ;
;       |lpm_divide:Div0|                   ; 30 (0)            ; 0 (0)        ; 0           ; 0            ; 0       ; 0         ; 0    ; 0            ; |top_hms_clock|double_fig_sep:double_fig_sep_u1_dfs|lpm_divide:Div0                                                                                 ; work         ;
;          |lpm_divide_hhm:auto_generated|  ; 30 (0)            ; 0 (0)        ; 0           ; 0            ; 0       ; 0         ; 0    ; 0            ; |top_hms_clock|double_fig_sep:double_fig_sep_u1_dfs|lpm_divide:Div0|lpm_divide_hhm:auto_generated                                                   ; work         ;
;             |sign_div_unsign_9kh:divider| ; 30 (0)            ; 0 (0)        ; 0           ; 0            ; 0       ; 0         ; 0    ; 0            ; |top_hms_clock|double_fig_sep:double_fig_sep_u1_dfs|lpm_divide:Div0|lpm_divide_hhm:auto_generated|sign_div_unsign_9kh:divider                       ; work         ;
;                |alt_u_div_64f:divider|    ; 30 (30)           ; 0 (0)        ; 0           ; 0            ; 0       ; 0         ; 0    ; 0            ; |top_hms_clock|double_fig_sep:double_fig_sep_u1_dfs|lpm_divide:Div0|lpm_divide_hhm:auto_generated|sign_div_unsign_9kh:divider|alt_u_div_64f:divider ; work         ;
;       |lpm_divide:Mod0|                   ; 33 (0)            ; 0 (0)        ; 0           ; 0            ; 0       ; 0         ; 0    ; 0            ; |top_hms_clock|double_fig_sep:double_fig_sep_u1_dfs|lpm_divide:Mod0                                                                                 ; work         ;
;          |lpm_divide_k9m:auto_generated|  ; 33 (0)            ; 0 (0)        ; 0           ; 0            ; 0       ; 0         ; 0    ; 0            ; |top_hms_clock|double_fig_sep:double_fig_sep_u1_dfs|lpm_divide:Mod0|lpm_divide_k9m:auto_generated                                                   ; work         ;
;             |sign_div_unsign_9kh:divider| ; 33 (0)            ; 0 (0)        ; 0           ; 0            ; 0       ; 0         ; 0    ; 0            ; |top_hms_clock|double_fig_sep:double_fig_sep_u1_dfs|lpm_divide:Mod0|lpm_divide_k9m:auto_generated|sign_div_unsign_9kh:divider                       ; work         ;
;                |alt_u_div_64f:divider|    ; 33 (33)           ; 0 (0)        ; 0           ; 0            ; 0       ; 0         ; 0    ; 0            ; |top_hms_clock|double_fig_sep:double_fig_sep_u1_dfs|lpm_divide:Mod0|lpm_divide_k9m:auto_generated|sign_div_unsign_9kh:divider|alt_u_div_64f:divider ; work         ;
;    |fnd_dec:fnd_dec_u0_fnd_dec|           ; 4 (4)             ; 0 (0)        ; 0           ; 0            ; 0       ; 0         ; 0    ; 0            ; |top_hms_clock|fnd_dec:fnd_dec_u0_fnd_dec                                                                                                           ; work         ;
;    |fnd_dec:fnd_dec_u1_fnd_dec|           ; 8 (8)             ; 0 (0)        ; 0           ; 0            ; 0       ; 0         ; 0    ; 0            ; |top_hms_clock|fnd_dec:fnd_dec_u1_fnd_dec                                                                                                           ; work         ;
;    |fnd_dec:fnd_dec_u2_fnd_dec|           ; 7 (7)             ; 0 (0)        ; 0           ; 0            ; 0       ; 0         ; 0    ; 0            ; |top_hms_clock|fnd_dec:fnd_dec_u2_fnd_dec                                                                                                           ; work         ;
;    |fnd_dec:fnd_dec_u3_fnd_dec|           ; 4 (4)             ; 0 (0)        ; 0           ; 0            ; 0       ; 0         ; 0    ; 0            ; |top_hms_clock|fnd_dec:fnd_dec_u3_fnd_dec                                                                                                           ; work         ;
;    |led_disp:led_disp_u_led_disp|         ; 97 (53)           ; 36 (3)       ; 0           ; 0            ; 0       ; 0         ; 0    ; 0            ; |top_hms_clock|led_disp:led_disp_u_led_disp                                                                                                         ; work         ;
;       |nco:u_nco|                         ; 44 (44)           ; 33 (33)      ; 0           ; 0            ; 0       ; 0         ; 0    ; 0            ; |top_hms_clock|led_disp:led_disp_u_led_disp|nco:u_nco                                                                                               ; work         ;
;    |minsec:minsec_u_minsec|               ; 17 (0)            ; 13 (0)       ; 0           ; 0            ; 0       ; 0         ; 0    ; 0            ; |top_hms_clock|minsec:minsec_u_minsec                                                                                                               ; work         ;
;       |hms_cnt:u0_hms_cnt|                ; 9 (9)             ; 7 (7)        ; 0           ; 0            ; 0       ; 0         ; 0    ; 0            ; |top_hms_clock|minsec:minsec_u_minsec|hms_cnt:u0_hms_cnt                                                                                            ; work         ;
;       |hms_cnt:u1_hms_cnt|                ; 8 (8)             ; 6 (6)        ; 0           ; 0            ; 0       ; 0         ; 0    ; 0            ; |top_hms_clock|minsec:minsec_u_minsec|hms_cnt:u1_hms_cnt                                                                                            ; work         ;
+-------------------------------------------+-------------------+--------------+-------------+--------------+---------+-----------+------+--------------+-----------------------------------------------------------------------------------------------------------------------------------------------------+--------------+
Note: For table entries with two numbers listed, the numbers in parentheses indicate the number of resources of the given type used by the specific entity alone. The numbers listed outside of parentheses indicate the total resources of the given type used by the specific entity and all of its sub-entities in the hierarchy.


+-------------------------------------------------------------------------------------------------------------------+
; User-Specified and Inferred Latches                                                                               ;
+-----------------------------------------------------+------------------------------------+------------------------+
; Latch Name                                          ; Latch Enable Signal                ; Free of Timing Hazards ;
+-----------------------------------------------------+------------------------------------+------------------------+
; led_disp:led_disp_u_led_disp|o_seg_enb[0]           ; led_disp:led_disp_u_led_disp|Mux15 ; yes                    ;
; led_disp:led_disp_u_led_disp|o_seg_enb[1]           ; led_disp:led_disp_u_led_disp|Mux15 ; yes                    ;
; led_disp:led_disp_u_led_disp|o_seg_enb[2]           ; led_disp:led_disp_u_led_disp|Mux15 ; yes                    ;
; led_disp:led_disp_u_led_disp|o_seg_enb[3]           ; led_disp:led_disp_u_led_disp|Mux15 ; yes                    ;
; led_disp:led_disp_u_led_disp|o_seg_enb[4]           ; led_disp:led_disp_u_led_disp|Mux15 ; yes                    ;
; led_disp:led_disp_u_led_disp|o_seg_enb[5]           ; led_disp:led_disp_u_led_disp|Mux15 ; yes                    ;
; led_disp:led_disp_u_led_disp|o_seg[0]               ; led_disp:led_disp_u_led_disp|Mux15 ; yes                    ;
; led_disp:led_disp_u_led_disp|o_seg[1]               ; led_disp:led_disp_u_led_disp|Mux15 ; yes                    ;
; led_disp:led_disp_u_led_disp|o_seg[2]               ; led_disp:led_disp_u_led_disp|Mux15 ; yes                    ;
; led_disp:led_disp_u_led_disp|o_seg[3]               ; led_disp:led_disp_u_led_disp|Mux15 ; yes                    ;
; led_disp:led_disp_u_led_disp|o_seg[4]               ; led_disp:led_disp_u_led_disp|Mux15 ; yes                    ;
; led_disp:led_disp_u_led_disp|o_seg[5]               ; led_disp:led_disp_u_led_disp|Mux15 ; yes                    ;
; led_disp:led_disp_u_led_disp|o_seg[6]               ; led_disp:led_disp_u_led_disp|Mux15 ; yes                    ;
; Number of user-specified and inferred latches = 13  ;                                    ;                        ;
+-----------------------------------------------------+------------------------------------+------------------------+
Note: All latches listed above may not be present at the end of synthesis due to various synthesis optimizations.


+------------------------------------------------------------------------------------------+
; Registers Removed During Synthesis                                                       ;
+-------------------------------------------------+----------------------------------------+
; Register name                                   ; Reason for Removal                     ;
+-------------------------------------------------+----------------------------------------+
; led_disp:led_disp_u_led_disp|cnt_common_node[3] ; Stuck at GND due to stuck port data_in ;
; Total Number of Removed Registers = 1           ;                                        ;
+-------------------------------------------------+----------------------------------------+


+------------------------------------------------------+
; General Register Statistics                          ;
+----------------------------------------------+-------+
; Statistic                                    ; Value ;
+----------------------------------------------+-------+
; Total registers                              ; 123   ;
; Number of registers using Synchronous Clear  ; 108   ;
; Number of registers using Synchronous Load   ; 0     ;
; Number of registers using Asynchronous Clear ; 117   ;
; Number of registers using Asynchronous Load  ; 0     ;
; Number of registers using Clock Enable       ; 0     ;
; Number of registers using Preset             ; 0     ;
+----------------------------------------------+-------+


+----------------------------------------------------------------------------------------------------------------------------------------------------------------+
; Multiplexer Restructuring Statistics (Restructuring Performed)                                                                                                 ;
+--------------------+-----------+---------------+----------------------+------------------------+------------+--------------------------------------------------+
; Multiplexer Inputs ; Bus Width ; Baseline Area ; Area if Restructured ; Saving if Restructured ; Registered ; Example Multiplexer Output                       ;
+--------------------+-----------+---------------+----------------------+------------------------+------------+--------------------------------------------------+
; 6:1                ; 7 bits    ; 28 LEs        ; 21 LEs               ; 7 LEs                  ; No         ; |top_hms_clock|led_disp:led_disp_u_led_disp|Mux1 ;
+--------------------+-----------+---------------+----------------------+------------------------+------------+--------------------------------------------------+


+---------------------------------------------------------------------------+
; Parameter Settings for User Entity Instance: controller:controller_u_ctrl ;
+----------------+-------+--------------------------------------------------+
; Parameter Name ; Value ; Type                                             ;
+----------------+-------+--------------------------------------------------+
; MODE_CLOCK     ; 0     ; Unsigned Binary                                  ;
; MODE_SETUP     ; 1     ; Unsigned Binary                                  ;
; POS_SEC        ; 0     ; Unsigned Binary                                  ;
; POS_MIN        ; 1     ; Unsigned Binary                                  ;
+----------------+-------+--------------------------------------------------+
Note: In order to hide this table in the UI and the text report file, please set the "Show Parameter Settings in Synthesis Report" option in "Analysis and Synthesis Settings -> More Settings" to "Off".


+-------------------------------------------------------------------------------------------------------+
; Parameter Settings for Inferred Entity Instance: double_fig_sep:double_fig_sep_u1_dfs|lpm_divide:Mod0 ;
+------------------------+----------------+-------------------------------------------------------------+
; Parameter Name         ; Value          ; Type                                                        ;
+------------------------+----------------+-------------------------------------------------------------+
; LPM_WIDTHN             ; 6              ; Untyped                                                     ;
; LPM_WIDTHD             ; 4              ; Untyped                                                     ;
; LPM_NREPRESENTATION    ; UNSIGNED       ; Untyped                                                     ;
; LPM_DREPRESENTATION    ; UNSIGNED       ; Untyped                                                     ;
; LPM_PIPELINE           ; 0              ; Untyped                                                     ;
; LPM_REMAINDERPOSITIVE  ; TRUE           ; Untyped                                                     ;
; MAXIMIZE_SPEED         ; 5              ; Untyped                                                     ;
; CBXI_PARAMETER         ; lpm_divide_k9m ; Untyped                                                     ;
; CARRY_CHAIN            ; MANUAL         ; Untyped                                                     ;
; OPTIMIZE_FOR_SPEED     ; 5              ; Untyped                                                     ;
; AUTO_CARRY_CHAINS      ; ON             ; AUTO_CARRY                                                  ;
; IGNORE_CARRY_BUFFERS   ; OFF            ; IGNORE_CARRY                                                ;
; AUTO_CASCADE_CHAINS    ; ON             ; AUTO_CASCADE                                                ;
; IGNORE_CASCADE_BUFFERS ; OFF            ; IGNORE_CASCADE                                              ;
+------------------------+----------------+-------------------------------------------------------------+
Note: In order to hide this table in the UI and the text report file, please set the "Show Parameter Settings in Synthesis Report" option in "Analysis and Synthesis Settings -> More Settings" to "Off".


+-------------------------------------------------------------------------------------------------------+
; Parameter Settings for Inferred Entity Instance: double_fig_sep:double_fig_sep_u0_dfs|lpm_divide:Div0 ;
+------------------------+----------------+-------------------------------------------------------------+
; Parameter Name         ; Value          ; Type                                                        ;
+------------------------+----------------+-------------------------------------------------------------+
; LPM_WIDTHN             ; 6              ; Untyped                                                     ;
; LPM_WIDTHD             ; 4              ; Untyped                                                     ;
; LPM_NREPRESENTATION    ; UNSIGNED       ; Untyped                                                     ;
; LPM_DREPRESENTATION    ; UNSIGNED       ; Untyped                                                     ;
; LPM_PIPELINE           ; 0              ; Untyped                                                     ;
; LPM_REMAINDERPOSITIVE  ; TRUE           ; Untyped                                                     ;
; MAXIMIZE_SPEED         ; 5              ; Untyped                                                     ;
; CBXI_PARAMETER         ; lpm_divide_hhm ; Untyped                                                     ;
; CARRY_CHAIN            ; MANUAL         ; Untyped                                                     ;
; OPTIMIZE_FOR_SPEED     ; 5              ; Untyped                                                     ;
; AUTO_CARRY_CHAINS      ; ON             ; AUTO_CARRY                                                  ;
; IGNORE_CARRY_BUFFERS   ; OFF            ; IGNORE_CARRY                                                ;
; AUTO_CASCADE_CHAINS    ; ON             ; AUTO_CASCADE                                                ;
; IGNORE_CASCADE_BUFFERS ; OFF            ; IGNORE_CASCADE                                              ;
+------------------------+----------------+-------------------------------------------------------------+
Note: In order to hide this table in the UI and the text report file, please set the "Show Parameter Settings in Synthesis Report" option in "Analysis and Synthesis Settings -> More Settings" to "Off".


+-------------------------------------------------------------------------------------------------------+
; Parameter Settings for Inferred Entity Instance: double_fig_sep:double_fig_sep_u0_dfs|lpm_divide:Mod0 ;
+------------------------+----------------+-------------------------------------------------------------+
; Parameter Name         ; Value          ; Type                                                        ;
+------------------------+----------------+-------------------------------------------------------------+
; LPM_WIDTHN             ; 6              ; Untyped                                                     ;
; LPM_WIDTHD             ; 4              ; Untyped                                                     ;
; LPM_NREPRESENTATION    ; UNSIGNED       ; Untyped                                                     ;
; LPM_DREPRESENTATION    ; UNSIGNED       ; Untyped                                                     ;
; LPM_PIPELINE           ; 0              ; Untyped                                                     ;
; LPM_REMAINDERPOSITIVE  ; TRUE           ; Untyped                                                     ;
; MAXIMIZE_SPEED         ; 5              ; Untyped                                                     ;
; CBXI_PARAMETER         ; lpm_divide_k9m ; Untyped                                                     ;
; CARRY_CHAIN            ; MANUAL         ; Untyped                                                     ;
; OPTIMIZE_FOR_SPEED     ; 5              ; Untyped                                                     ;
; AUTO_CARRY_CHAINS      ; ON             ; AUTO_CARRY                                                  ;
; IGNORE_CARRY_BUFFERS   ; OFF            ; IGNORE_CARRY                                                ;
; AUTO_CASCADE_CHAINS    ; ON             ; AUTO_CASCADE                                                ;
; IGNORE_CASCADE_BUFFERS ; OFF            ; IGNORE_CASCADE                                              ;
+------------------------+----------------+-------------------------------------------------------------+
Note: In order to hide this table in the UI and the text report file, please set the "Show Parameter Settings in Synthesis Report" option in "Analysis and Synthesis Settings -> More Settings" to "Off".


+-------------------------------------------------------------------------------------------------------+
; Parameter Settings for Inferred Entity Instance: double_fig_sep:double_fig_sep_u1_dfs|lpm_divide:Div0 ;
+------------------------+----------------+-------------------------------------------------------------+
; Parameter Name         ; Value          ; Type                                                        ;
+------------------------+----------------+-------------------------------------------------------------+
; LPM_WIDTHN             ; 6              ; Untyped                                                     ;
; LPM_WIDTHD             ; 4              ; Untyped                                                     ;
; LPM_NREPRESENTATION    ; UNSIGNED       ; Untyped                                                     ;
; LPM_DREPRESENTATION    ; UNSIGNED       ; Untyped                                                     ;
; LPM_PIPELINE           ; 0              ; Untyped                                                     ;
; LPM_REMAINDERPOSITIVE  ; TRUE           ; Untyped                                                     ;
; MAXIMIZE_SPEED         ; 5              ; Untyped                                                     ;
; CBXI_PARAMETER         ; lpm_divide_hhm ; Untyped                                                     ;
; CARRY_CHAIN            ; MANUAL         ; Untyped                                                     ;
; OPTIMIZE_FOR_SPEED     ; 5              ; Untyped                                                     ;
; AUTO_CARRY_CHAINS      ; ON             ; AUTO_CARRY                                                  ;
; IGNORE_CARRY_BUFFERS   ; OFF            ; IGNORE_CARRY                                                ;
; AUTO_CASCADE_CHAINS    ; ON             ; AUTO_CASCADE                                                ;
; IGNORE_CASCADE_BUFFERS ; OFF            ; IGNORE_CASCADE                                              ;
+------------------------+----------------+-------------------------------------------------------------+
Note: In order to hide this table in the UI and the text report file, please set the "Show Parameter Settings in Synthesis Report" option in "Analysis and Synthesis Settings -> More Settings" to "Off".


+--------------------------------------------------------------------+
; Port Connectivity Checks: "led_disp:led_disp_u_led_disp|nco:u_nco" ;
+-------------------+-------+----------+-----------------------------+
; Port              ; Type  ; Severity ; Details                     ;
+-------------------+-------+----------+-----------------------------+
; i_nco_num[9..7]   ; Input ; Info     ; Stuck at VCC                ;
; i_nco_num[31..13] ; Input ; Info     ; Stuck at GND                ;
; i_nco_num[11..10] ; Input ; Info     ; Stuck at GND                ;
; i_nco_num[6..4]   ; Input ; Info     ; Stuck at GND                ;
; i_nco_num[2..0]   ; Input ; Info     ; Stuck at GND                ;
; i_nco_num[12]     ; Input ; Info     ; Stuck at VCC                ;
; i_nco_num[3]      ; Input ; Info     ; Stuck at VCC                ;
+-------------------+-------+----------+-----------------------------+


+-----------------------------------------------------------+
; Port Connectivity Checks: "led_disp:led_disp_u_led_disp"  ;
+-------------------------+-------+----------+--------------+
; Port                    ; Type  ; Severity ; Details      ;
+-------------------------+-------+----------+--------------+
; i_six_digit_seg[41..28] ; Input ; Info     ; Stuck at GND ;
; i_six_dp                ; Input ; Info     ; Stuck at GND ;
+-------------------------+-------+----------+--------------+


+-----------------------------------------------------------------------+
; Port Connectivity Checks: "minsec:minsec_u_minsec|hms_cnt:u1_hms_cnt" ;
+-----------------+-------+----------+----------------------------------+
; Port            ; Type  ; Severity ; Details                          ;
+-----------------+-------+----------+----------------------------------+
; i_max_cnt[5..3] ; Input ; Info     ; Stuck at VCC                     ;
; i_max_cnt[1..0] ; Input ; Info     ; Stuck at VCC                     ;
; i_max_cnt[2]    ; Input ; Info     ; Stuck at GND                     ;
+-----------------+-------+----------+----------------------------------+


+-----------------------------------------------------------------------+
; Port Connectivity Checks: "minsec:minsec_u_minsec|hms_cnt:u0_hms_cnt" ;
+-----------------+-------+----------+----------------------------------+
; Port            ; Type  ; Severity ; Details                          ;
+-----------------+-------+----------+----------------------------------+
; i_max_cnt[5..3] ; Input ; Info     ; Stuck at VCC                     ;
; i_max_cnt[1..0] ; Input ; Info     ; Stuck at VCC                     ;
; i_max_cnt[2]    ; Input ; Info     ; Stuck at GND                     ;
+-----------------+-------+----------+----------------------------------+


+---------------------------------------------------------------------+
; Port Connectivity Checks: "controller:controller_u_ctrl|nco:u1_nco" ;
+-------------------+-------+----------+------------------------------+
; Port              ; Type  ; Severity ; Details                      ;
+-------------------+-------+----------+------------------------------+
; i_nco_num[23..19] ; Input ; Info     ; Stuck at VCC                 ;
; i_nco_num[15..12] ; Input ; Info     ; Stuck at VCC                 ;
; i_nco_num[31..26] ; Input ; Info     ; Stuck at GND                 ;
; i_nco_num[11..8]  ; Input ; Info     ; Stuck at GND                 ;
; i_nco_num[6..0]   ; Input ; Info     ; Stuck at GND                 ;
; i_nco_num[25]     ; Input ; Info     ; Stuck at VCC                 ;
; i_nco_num[24]     ; Input ; Info     ; Stuck at GND                 ;
; i_nco_num[18]     ; Input ; Info     ; Stuck at GND                 ;
; i_nco_num[17]     ; Input ; Info     ; Stuck at VCC                 ;
; i_nco_num[16]     ; Input ; Info     ; Stuck at GND                 ;
; i_nco_num[7]      ; Input ; Info     ; Stuck at VCC                 ;
+-------------------+-------+----------+------------------------------+


+---------------------------------------------------------------------+
; Port Connectivity Checks: "controller:controller_u_ctrl|nco:u0_nco" ;
+-------------------+-------+----------+------------------------------+
; Port              ; Type  ; Severity ; Details                      ;
+-------------------+-------+----------+------------------------------+
; i_nco_num[18..15] ; Input ; Info     ; Stuck at VCC                 ;
; i_nco_num[31..19] ; Input ; Info     ; Stuck at GND                 ;
; i_nco_num[12..9]  ; Input ; Info     ; Stuck at GND                 ;
; i_nco_num[7..6]   ; Input ; Info     ; Stuck at GND                 ;
; i_nco_num[4..0]   ; Input ; Info     ; Stuck at GND                 ;
; i_nco_num[14]     ; Input ; Info     ; Stuck at GND                 ;
; i_nco_num[13]     ; Input ; Info     ; Stuck at VCC                 ;
; i_nco_num[8]      ; Input ; Info     ; Stuck at VCC                 ;
; i_nco_num[5]      ; Input ; Info     ; Stuck at VCC                 ;
+-------------------+-------+----------+------------------------------+


+----------------------------------------------------------+
; Port Connectivity Checks: "controller:controller_u_ctrl" ;
+------------+--------+----------+-------------------------+
; Port       ; Type   ; Severity ; Details                 ;
+------------+--------+----------+-------------------------+
; o_mode     ; Output ; Info     ; Explicitly unconnected  ;
; o_position ; Output ; Info     ; Explicitly unconnected  ;
+------------+--------+----------+-------------------------+


+-------------------------------+
; Elapsed Time Per Partition    ;
+----------------+--------------+
; Partition Name ; Elapsed Time ;
+----------------+--------------+
; Top            ; 00:00:01     ;
+----------------+--------------+


+-------------------------------+
; Analysis & Synthesis Messages ;
+-------------------------------+
Info: *******************************************************************
Info: Running Quartus II 64-Bit Analysis & Synthesis
    Info: Version 13.1.0 Build 162 10/23/2013 SJ Web Edition
    Info: Processing started: Mon Nov 11 20:08:00 2019
Info: Command: quartus_map --read_settings_files=on --write_settings_files=off practice07_fpga -c top_hms_clock
Warning (20028): Parallel compilation is not licensed and has been disabled
Info (12021): Found 9 design units, including 9 entities, in source file /users/sm-pc/desktop/project1810918/practice07/practice07.v
    Info (12023): Found entity 1: nco
    Info (12023): Found entity 2: fnd_dec
    Info (12023): Found entity 3: double_fig_sep
    Info (12023): Found entity 4: led_disp
    Info (12023): Found entity 5: hms_cnt
    Info (12023): Found entity 6: debounce
    Info (12023): Found entity 7: controller
    Info (12023): Found entity 8: minsec
    Info (12023): Found entity 9: top_hms_clock
Info (12127): Elaborating entity "top_hms_clock" for the top level hierarchy
Info (12128): Elaborating entity "controller" for hierarchy "controller:controller_u_ctrl"
Info (12128): Elaborating entity "nco" for hierarchy "controller:controller_u_ctrl|nco:u0_nco"
Info (12128): Elaborating entity "debounce" for hierarchy "controller:controller_u_ctrl|debounce:u0_debounce"
Info (12128): Elaborating entity "minsec" for hierarchy "minsec:minsec_u_minsec"
Info (12128): Elaborating entity "hms_cnt" for hierarchy "minsec:minsec_u_minsec|hms_cnt:u0_hms_cnt"
Info (12128): Elaborating entity "double_fig_sep" for hierarchy "double_fig_sep:double_fig_sep_u0_dfs"
Warning (10230): Verilog HDL assignment warning at practice07.v(96): truncated value with size 32 to match size of target (4)
Warning (10230): Verilog HDL assignment warning at practice07.v(97): truncated value with size 32 to match size of target (4)
Info (12128): Elaborating entity "fnd_dec" for hierarchy "fnd_dec:fnd_dec_u0_fnd_dec"
Info (12128): Elaborating entity "led_disp" for hierarchy "led_disp:led_disp_u_led_disp"
Warning (10270): Verilog HDL Case Statement warning at practice07.v(148): incomplete case statement has no default case item
Warning (10240): Verilog HDL Always Construct warning at practice07.v(147): inferring latch(es) for variable "o_seg_enb", which holds its previous value in one or more paths through the always construct
Warning (10235): Verilog HDL Always Construct warning at practice07.v(162): variable "i_six_dp" is read inside the Always Construct but isn't in the Always Construct's Event Control
Warning (10235): Verilog HDL Always Construct warning at practice07.v(163): variable "i_six_dp" is read inside the Always Construct but isn't in the Always Construct's Event Control
Warning (10235): Verilog HDL Always Construct warning at practice07.v(164): variable "i_six_dp" is read inside the Always Construct but isn't in the Always Construct's Event Control
Warning (10235): Verilog HDL Always Construct warning at practice07.v(165): variable "i_six_dp" is read inside the Always Construct but isn't in the Always Construct's Event Control
Warning (10235): Verilog HDL Always Construct warning at practice07.v(166): variable "i_six_dp" is read inside the Always Construct but isn't in the Always Construct's Event Control
Warning (10235): Verilog HDL Always Construct warning at practice07.v(167): variable "i_six_dp" is read inside the Always Construct but isn't in the Always Construct's Event Control
Warning (10270): Verilog HDL Case Statement warning at practice07.v(161): incomplete case statement has no default case item
Warning (10240): Verilog HDL Always Construct warning at practice07.v(160): inferring latch(es) for variable "o_seg_dp", which holds its previous value in one or more paths through the always construct
Warning (10235): Verilog HDL Always Construct warning at practice07.v(175): variable "i_six_digit_seg" is read inside the Always Construct but isn't in the Always Construct's Event Control
Warning (10235): Verilog HDL Always Construct warning at practice07.v(176): variable "i_six_digit_seg" is read inside the Always Construct but isn't in the Always Construct's Event Control
Warning (10235): Verilog HDL Always Construct warning at practice07.v(177): variable "i_six_digit_seg" is read inside the Always Construct but isn't in the Always Construct's Event Control
Warning (10235): Verilog HDL Always Construct warning at practice07.v(178): variable "i_six_digit_seg" is read inside the Always Construct but isn't in the Always Construct's Event Control
Warning (10235): Verilog HDL Always Construct warning at practice07.v(179): variable "i_six_digit_seg" is read inside the Always Construct but isn't in the Always Construct's Event Control
Warning (10235): Verilog HDL Always Construct warning at practice07.v(180): variable "i_six_digit_seg" is read inside the Always Construct but isn't in the Always Construct's Event Control
Warning (10270): Verilog HDL Case Statement warning at practice07.v(174): incomplete case statement has no default case item
Warning (10240): Verilog HDL Always Construct warning at practice07.v(173): inferring latch(es) for variable "o_seg", which holds its previous value in one or more paths through the always construct
Info (10041): Inferred latch for "o_seg[0]" at practice07.v(173)
Info (10041): Inferred latch for "o_seg[1]" at practice07.v(173)
Info (10041): Inferred latch for "o_seg[2]" at practice07.v(173)
Info (10041): Inferred latch for "o_seg[3]" at practice07.v(173)
Info (10041): Inferred latch for "o_seg[4]" at practice07.v(173)
Info (10041): Inferred latch for "o_seg[5]" at practice07.v(173)
Info (10041): Inferred latch for "o_seg[6]" at practice07.v(173)
Info (10041): Inferred latch for "o_seg_dp" at practice07.v(160)
Info (10041): Inferred latch for "o_seg_enb[0]" at practice07.v(147)
Info (10041): Inferred latch for "o_seg_enb[1]" at practice07.v(147)
Info (10041): Inferred latch for "o_seg_enb[2]" at practice07.v(147)
Info (10041): Inferred latch for "o_seg_enb[3]" at practice07.v(147)
Info (10041): Inferred latch for "o_seg_enb[4]" at practice07.v(147)
Info (10041): Inferred latch for "o_seg_enb[5]" at practice07.v(147)
Warning (19016): Clock multiplexers are found and protected
    Warning (19017): Found clock multiplexer controller:controller_u_ctrl|o_min_clk
    Warning (19017): Found clock multiplexer controller:controller_u_ctrl|o_sec_clk
Info (278001): Inferred 4 megafunctions from design logic
    Info (278004): Inferred divider/modulo megafunction ("lpm_divide") from the following logic: "double_fig_sep:double_fig_sep_u1_dfs|Mod0"
    Info (278004): Inferred divider/modulo megafunction ("lpm_divide") from the following logic: "double_fig_sep:double_fig_sep_u0_dfs|Div0"
    Info (278004): Inferred divider/modulo megafunction ("lpm_divide") from the following logic: "double_fig_sep:double_fig_sep_u0_dfs|Mod0"
    Info (278004): Inferred divider/modulo megafunction ("lpm_divide") from the following logic: "double_fig_sep:double_fig_sep_u1_dfs|Div0"
Info (12130): Elaborated megafunction instantiation "double_fig_sep:double_fig_sep_u1_dfs|lpm_divide:Mod0"
Info (12133): Instantiated megafunction "double_fig_sep:double_fig_sep_u1_dfs|lpm_divide:Mod0" with the following parameter:
    Info (12134): Parameter "LPM_WIDTHN" = "6"
    Info (12134): Parameter "LPM_WIDTHD" = "4"
    Info (12134): Parameter "LPM_NREPRESENTATION" = "UNSIGNED"
    Info (12134): Parameter "LPM_DREPRESENTATION" = "UNSIGNED"
Info (12021): Found 1 design units, including 1 entities, in source file db/lpm_divide_k9m.tdf
    Info (12023): Found entity 1: lpm_divide_k9m
Info (12021): Found 1 design units, including 1 entities, in source file db/sign_div_unsign_9kh.tdf
    Info (12023): Found entity 1: sign_div_unsign_9kh
Info (12021): Found 1 design units, including 1 entities, in source file db/alt_u_div_64f.tdf
    Info (12023): Found entity 1: alt_u_div_64f
Info (12021): Found 1 design units, including 1 entities, in source file db/add_sub_7pc.tdf
    Info (12023): Found entity 1: add_sub_7pc
Info (12021): Found 1 design units, including 1 entities, in source file db/add_sub_8pc.tdf
    Info (12023): Found entity 1: add_sub_8pc
Info (12130): Elaborated megafunction instantiation "double_fig_sep:double_fig_sep_u0_dfs|lpm_divide:Div0"
Info (12133): Instantiated megafunction "double_fig_sep:double_fig_sep_u0_dfs|lpm_divide:Div0" with the following parameter:
    Info (12134): Parameter "LPM_WIDTHN" = "6"
    Info (12134): Parameter "LPM_WIDTHD" = "4"
    Info (12134): Parameter "LPM_NREPRESENTATION" = "UNSIGNED"
    Info (12134): Parameter "LPM_DREPRESENTATION" = "UNSIGNED"
Info (12021): Found 1 design units, including 1 entities, in source file db/lpm_divide_hhm.tdf
    Info (12023): Found entity 1: lpm_divide_hhm
Warning (13012): Latch led_disp:led_disp_u_led_disp|o_seg_enb[0] has unsafe behavior
    Warning (13013): Ports D and ENA on the latch are fed by the same signal led_disp:led_disp_u_led_disp|cnt_common_node[2]
Warning (13012): Latch led_disp:led_disp_u_led_disp|o_seg_enb[1] has unsafe behavior
    Warning (13013): Ports D and ENA on the latch are fed by the same signal led_disp:led_disp_u_led_disp|cnt_common_node[2]
Warning (13012): Latch led_disp:led_disp_u_led_disp|o_seg_enb[2] has unsafe behavior
    Warning (13013): Ports D and ENA on the latch are fed by the same signal led_disp:led_disp_u_led_disp|cnt_common_node[1]
Warning (13012): Latch led_disp:led_disp_u_led_disp|o_seg_enb[3] has unsafe behavior
    Warning (13013): Ports D and ENA on the latch are fed by the same signal led_disp:led_disp_u_led_disp|cnt_common_node[1]
Warning (13012): Latch led_disp:led_disp_u_led_disp|o_seg_enb[4] has unsafe behavior
    Warning (13013): Ports D and ENA on the latch are fed by the same signal led_disp:led_disp_u_led_disp|cnt_common_node[2]
Warning (13012): Latch led_disp:led_disp_u_led_disp|o_seg_enb[5] has unsafe behavior
    Warning (13013): Ports D and ENA on the latch are fed by the same signal led_disp:led_disp_u_led_disp|cnt_common_node[2]
Warning (13012): Latch led_disp:led_disp_u_led_disp|o_seg[0] has unsafe behavior
    Warning (13013): Ports D and ENA on the latch are fed by the same signal led_disp:led_disp_u_led_disp|cnt_common_node[2]
Warning (13012): Latch led_disp:led_disp_u_led_disp|o_seg[1] has unsafe behavior
    Warning (13013): Ports D and ENA on the latch are fed by the same signal led_disp:led_disp_u_led_disp|cnt_common_node[2]
Warning (13012): Latch led_disp:led_disp_u_led_disp|o_seg[2] has unsafe behavior
    Warning (13013): Ports D and ENA on the latch are fed by the same signal led_disp:led_disp_u_led_disp|cnt_common_node[2]
Warning (13012): Latch led_disp:led_disp_u_led_disp|o_seg[3] has unsafe behavior
    Warning (13013): Ports D and ENA on the latch are fed by the same signal led_disp:led_disp_u_led_disp|cnt_common_node[2]
Warning (13012): Latch led_disp:led_disp_u_led_disp|o_seg[4] has unsafe behavior
    Warning (13013): Ports D and ENA on the latch are fed by the same signal led_disp:led_disp_u_led_disp|cnt_common_node[2]
Warning (13012): Latch led_disp:led_disp_u_led_disp|o_seg[5] has unsafe behavior
    Warning (13013): Ports D and ENA on the latch are fed by the same signal led_disp:led_disp_u_led_disp|cnt_common_node[2]
Warning (13012): Latch led_disp:led_disp_u_led_disp|o_seg[6] has unsafe behavior
    Warning (13013): Ports D and ENA on the latch are fed by the same signal led_disp:led_disp_u_led_disp|cnt_common_node[2]
Warning (13024): Output pins are stuck at VCC or GND
    Warning (13410): Pin "o_seg_dp" is stuck at GND
Info (286030): Timing-Driven Synthesis is running
Info (16010): Generating hard_block partition "hard_block:auto_generated_inst"
    Info (16011): Adding 0 node(s), including 0 DDIO, 0 PLL, 0 transceiver and 0 LCELL
Info (21057): Implemented 384 device resources after synthesis - the final resource count might be different
    Info (21058): Implemented 5 input pins
    Info (21059): Implemented 14 output pins
    Info (21061): Implemented 365 logic cells
Info: Quartus II 64-Bit Analysis & Synthesis was successful. 0 errors, 52 warnings
    Info: Peak virtual memory: 4631 megabytes
    Info: Processing ended: Mon Nov 11 20:08:03 2019
    Info: Elapsed time: 00:00:03
    Info: Total CPU time (on all processors): 00:00:03


