Analysis & Synthesis report for top
Mon Nov 25 18:46:06 2019
Quartus II 64-Bit Version 13.1.0 Build 162 10/23/2013 SJ Web Edition


---------------------
; Table of Contents ;
---------------------
  1. Legal Notice
  2. Analysis & Synthesis Summary
  3. Analysis & Synthesis Settings
  4. Parallel Compilation
  5. Analysis & Synthesis Source Files Read
  6. Analysis & Synthesis Resource Usage Summary
  7. Analysis & Synthesis Resource Utilization by Entity
  8. State Machine - |top|ir_rx:ir_rx_u_ir|state
  9. Registers Removed During Synthesis
 10. General Register Statistics
 11. Multiplexer Restructuring Statistics (Restructuring Performed)
 12. Parameter Settings for User Entity Instance: ir_rx:ir_rx_u_ir
 13. Port Connectivity Checks: "led_disp:led_disp_u|nco:u_nco"
 14. Port Connectivity Checks: "led_disp:led_disp_u"
 15. Port Connectivity Checks: "ir_rx:ir_rx_u_ir|nco:u_nco"
 16. Port Connectivity Checks: "ir_rx:ir_rx_u_ir"
 17. Elapsed Time Per Partition
 18. Analysis & Synthesis Messages



----------------
; Legal Notice ;
----------------
Copyright (C) 1991-2013 Altera Corporation
Your use of Altera Corporation's design tools, logic functions 
and other software and tools, and its AMPP partner logic 
functions, and any output files from any of the foregoing 
(including device programming or simulation files), and any 
associated documentation or information are expressly subject 
to the terms and conditions of the Altera Program License 
Subscription Agreement, Altera MegaCore Function License 
Agreement, or other applicable license agreement, including, 
without limitation, that your use is for the sole purpose of 
programming logic devices manufactured by Altera and sold by 
Altera or its authorized distributors.  Please refer to the 
applicable agreement for further details.



+---------------------------------------------------------------------------------+
; Analysis & Synthesis Summary                                                    ;
+------------------------------------+--------------------------------------------+
; Analysis & Synthesis Status        ; Successful - Mon Nov 25 18:46:06 2019      ;
; Quartus II 64-Bit Version          ; 13.1.0 Build 162 10/23/2013 SJ Web Edition ;
; Revision Name                      ; top                                        ;
; Top-level Entity Name              ; top                                        ;
; Family                             ; Cyclone IV E                               ;
; Total logic elements               ; 299                                        ;
;     Total combinational functions  ; 274                                        ;
;     Dedicated logic registers      ; 161                                        ;
; Total registers                    ; 161                                        ;
; Total pins                         ; 17                                         ;
; Total virtual pins                 ; 0                                          ;
; Total memory bits                  ; 0                                          ;
; Embedded Multiplier 9-bit elements ; 0                                          ;
; Total PLLs                         ; 0                                          ;
+------------------------------------+--------------------------------------------+


+----------------------------------------------------------------------------------------------------------------------+
; Analysis & Synthesis Settings                                                                                        ;
+----------------------------------------------------------------------------+--------------------+--------------------+
; Option                                                                     ; Setting            ; Default Value      ;
+----------------------------------------------------------------------------+--------------------+--------------------+
; Device                                                                     ; EP4CE22F17C6       ;                    ;
; Top-level entity name                                                      ; top                ; top                ;
; Family name                                                                ; Cyclone IV E       ; Cyclone IV GX      ;
; Use smart compilation                                                      ; Off                ; Off                ;
; Enable parallel Assembler and TimeQuest Timing Analyzer during compilation ; On                 ; On                 ;
; Enable compact report table                                                ; Off                ; Off                ;
; Restructure Multiplexers                                                   ; Auto               ; Auto               ;
; Create Debugging Nodes for IP Cores                                        ; Off                ; Off                ;
; Preserve fewer node names                                                  ; On                 ; On                 ;
; Disable OpenCore Plus hardware evaluation                                  ; Off                ; Off                ;
; Verilog Version                                                            ; Verilog_2001       ; Verilog_2001       ;
; VHDL Version                                                               ; VHDL_1993          ; VHDL_1993          ;
; State Machine Processing                                                   ; Auto               ; Auto               ;
; Safe State Machine                                                         ; Off                ; Off                ;
; Extract Verilog State Machines                                             ; On                 ; On                 ;
; Extract VHDL State Machines                                                ; On                 ; On                 ;
; Ignore Verilog initial constructs                                          ; Off                ; Off                ;
; Iteration limit for constant Verilog loops                                 ; 5000               ; 5000               ;
; Iteration limit for non-constant Verilog loops                             ; 250                ; 250                ;
; Add Pass-Through Logic to Inferred RAMs                                    ; On                 ; On                 ;
; Infer RAMs from Raw Logic                                                  ; On                 ; On                 ;
; Parallel Synthesis                                                         ; On                 ; On                 ;
; DSP Block Balancing                                                        ; Auto               ; Auto               ;
; NOT Gate Push-Back                                                         ; On                 ; On                 ;
; Power-Up Don't Care                                                        ; On                 ; On                 ;
; Remove Redundant Logic Cells                                               ; Off                ; Off                ;
; Remove Duplicate Registers                                                 ; On                 ; On                 ;
; Ignore CARRY Buffers                                                       ; Off                ; Off                ;
; Ignore CASCADE Buffers                                                     ; Off                ; Off                ;
; Ignore GLOBAL Buffers                                                      ; Off                ; Off                ;
; Ignore ROW GLOBAL Buffers                                                  ; Off                ; Off                ;
; Ignore LCELL Buffers                                                       ; Off                ; Off                ;
; Ignore SOFT Buffers                                                        ; On                 ; On                 ;
; Limit AHDL Integers to 32 Bits                                             ; Off                ; Off                ;
; Optimization Technique                                                     ; Balanced           ; Balanced           ;
; Carry Chain Length                                                         ; 70                 ; 70                 ;
; Auto Carry Chains                                                          ; On                 ; On                 ;
; Auto Open-Drain Pins                                                       ; On                 ; On                 ;
; Perform WYSIWYG Primitive Resynthesis                                      ; Off                ; Off                ;
; Auto ROM Replacement                                                       ; On                 ; On                 ;
; Auto RAM Replacement                                                       ; On                 ; On                 ;
; Auto DSP Block Replacement                                                 ; On                 ; On                 ;
; Auto Shift Register Replacement                                            ; Auto               ; Auto               ;
; Allow Shift Register Merging across Hierarchies                            ; Auto               ; Auto               ;
; Auto Clock Enable Replacement                                              ; On                 ; On                 ;
; Strict RAM Replacement                                                     ; Off                ; Off                ;
; Allow Synchronous Control Signals                                          ; On                 ; On                 ;
; Force Use of Synchronous Clear Signals                                     ; Off                ; Off                ;
; Auto RAM Block Balancing                                                   ; On                 ; On                 ;
; Auto RAM to Logic Cell Conversion                                          ; Off                ; Off                ;
; Auto Resource Sharing                                                      ; Off                ; Off                ;
; Allow Any RAM Size For Recognition                                         ; Off                ; Off                ;
; Allow Any ROM Size For Recognition                                         ; Off                ; Off                ;
; Allow Any Shift Register Size For Recognition                              ; Off                ; Off                ;
; Use LogicLock Constraints during Resource Balancing                        ; On                 ; On                 ;
; Ignore translate_off and synthesis_off directives                          ; Off                ; Off                ;
; Timing-Driven Synthesis                                                    ; On                 ; On                 ;
; Report Parameter Settings                                                  ; On                 ; On                 ;
; Report Source Assignments                                                  ; On                 ; On                 ;
; Report Connectivity Checks                                                 ; On                 ; On                 ;
; Ignore Maximum Fan-Out Assignments                                         ; Off                ; Off                ;
; Synchronization Register Chain Length                                      ; 2                  ; 2                  ;
; PowerPlay Power Optimization                                               ; Normal compilation ; Normal compilation ;
; HDL message level                                                          ; Level2             ; Level2             ;
; Suppress Register Optimization Related Messages                            ; Off                ; Off                ;
; Number of Removed Registers Reported in Synthesis Report                   ; 5000               ; 5000               ;
; Number of Swept Nodes Reported in Synthesis Report                         ; 5000               ; 5000               ;
; Number of Inverted Registers Reported in Synthesis Report                  ; 100                ; 100                ;
; Clock MUX Protection                                                       ; On                 ; On                 ;
; Auto Gated Clock Conversion                                                ; Off                ; Off                ;
; Block Design Naming                                                        ; Auto               ; Auto               ;
; SDC constraint protection                                                  ; Off                ; Off                ;
; Synthesis Effort                                                           ; Auto               ; Auto               ;
; Shift Register Replacement - Allow Asynchronous Clear Signal               ; On                 ; On                 ;
; Pre-Mapping Resynthesis Optimization                                       ; Off                ; Off                ;
; Analysis & Synthesis Message Level                                         ; Medium             ; Medium             ;
; Disable Register Merging Across Hierarchies                                ; Auto               ; Auto               ;
; Resource Aware Inference For Block RAM                                     ; On                 ; On                 ;
; Synthesis Seed                                                             ; 1                  ; 1                  ;
+----------------------------------------------------------------------------+--------------------+--------------------+


Parallel compilation was disabled, but you have multiple processors available. Enable parallel compilation to reduce compilation time.
+-------------------------------------+
; Parallel Compilation                ;
+----------------------------+--------+
; Processors                 ; Number ;
+----------------------------+--------+
; Number detected on machine ; 4      ;
; Maximum allowed            ; 1      ;
+----------------------------+--------+


+-------------------------------------------------------------------------------------------------------------------------------------------------------+
; Analysis & Synthesis Source Files Read                                                                                                                ;
+----------------------------------+-----------------+------------------------+---------------------------------------------------------------+---------+
; File Name with User-Entered Path ; Used in Netlist ; File Type              ; File Name with Absolute Path                                  ; Library ;
+----------------------------------+-----------------+------------------------+---------------------------------------------------------------+---------+
; practice09.v                     ; yes             ; User Verilog HDL File  ; C:/Users/SM-PC/Desktop/project1810918/practice09/practice09.v ;         ;
+----------------------------------+-----------------+------------------------+---------------------------------------------------------------+---------+


+-----------------------------------------------------------+
; Analysis & Synthesis Resource Usage Summary               ;
+---------------------------------------------+-------------+
; Resource                                    ; Usage       ;
+---------------------------------------------+-------------+
; Estimated Total logic elements              ; 299         ;
;                                             ;             ;
; Total combinational functions               ; 274         ;
; Logic element usage by number of LUT inputs ;             ;
;     -- 4 input functions                    ; 128         ;
;     -- 3 input functions                    ; 29          ;
;     -- <=2 input functions                  ; 117         ;
;                                             ;             ;
; Logic elements by mode                      ;             ;
;     -- normal mode                          ; 177         ;
;     -- arithmetic mode                      ; 97          ;
;                                             ;             ;
; Total registers                             ; 161         ;
;     -- Dedicated logic registers            ; 161         ;
;     -- I/O registers                        ; 0           ;
;                                             ;             ;
; I/O pins                                    ; 17          ;
; Embedded Multiplier 9-bit elements          ; 0           ;
; Maximum fan-out node                        ; rst_n~input ;
; Maximum fan-out                             ; 138         ;
; Total fan-out                               ; 1467        ;
; Average fan-out                             ; 3.13        ;
+---------------------------------------------+-------------+


+--------------------------------------------------------------------------------------------------------------------------------------------------------------------------------------------+
; Analysis & Synthesis Resource Utilization by Entity                                                                                                                                        ;
+----------------------------+-------------------+--------------+-------------+--------------+---------+-----------+------+--------------+------------------------------------+--------------+
; Compilation Hierarchy Node ; LC Combinationals ; LC Registers ; Memory Bits ; DSP Elements ; DSP 9x9 ; DSP 18x18 ; Pins ; Virtual Pins ; Full Hierarchy Name                ; Library Name ;
+----------------------------+-------------------+--------------+-------------+--------------+---------+-----------+------+--------------+------------------------------------+--------------+
; |top                       ; 274 (0)           ; 161 (0)      ; 0           ; 0            ; 0       ; 0         ; 17   ; 0            ; |top                               ; work         ;
;    |fnd_dec:fnd_dec_u0|    ; 7 (7)             ; 0 (0)        ; 0           ; 0            ; 0       ; 0         ; 0    ; 0            ; |top|fnd_dec:fnd_dec_u0            ; work         ;
;    |fnd_dec:fnd_dec_u1|    ; 7 (7)             ; 0 (0)        ; 0           ; 0            ; 0       ; 0         ; 0    ; 0            ; |top|fnd_dec:fnd_dec_u1            ; work         ;
;    |fnd_dec:fnd_dec_u2|    ; 7 (7)             ; 0 (0)        ; 0           ; 0            ; 0       ; 0         ; 0    ; 0            ; |top|fnd_dec:fnd_dec_u2            ; work         ;
;    |fnd_dec:fnd_dec_u3|    ; 7 (7)             ; 0 (0)        ; 0           ; 0            ; 0       ; 0         ; 0    ; 0            ; |top|fnd_dec:fnd_dec_u3            ; work         ;
;    |fnd_dec:fnd_dec_u4|    ; 7 (7)             ; 0 (0)        ; 0           ; 0            ; 0       ; 0         ; 0    ; 0            ; |top|fnd_dec:fnd_dec_u4            ; work         ;
;    |fnd_dec:fnd_dec_u5|    ; 7 (7)             ; 0 (0)        ; 0           ; 0            ; 0       ; 0         ; 0    ; 0            ; |top|fnd_dec:fnd_dec_u5            ; work         ;
;    |ir_rx:ir_rx_u_ir|      ; 151 (108)         ; 125 (92)     ; 0           ; 0            ; 0       ; 0         ; 0    ; 0            ; |top|ir_rx:ir_rx_u_ir              ; work         ;
;       |nco:u_nco|          ; 43 (43)           ; 33 (33)      ; 0           ; 0            ; 0       ; 0         ; 0    ; 0            ; |top|ir_rx:ir_rx_u_ir|nco:u_nco    ; work         ;
;    |led_disp:led_disp_u|   ; 81 (37)           ; 36 (3)       ; 0           ; 0            ; 0       ; 0         ; 0    ; 0            ; |top|led_disp:led_disp_u           ; work         ;
;       |nco:u_nco|          ; 44 (44)           ; 33 (33)      ; 0           ; 0            ; 0       ; 0         ; 0    ; 0            ; |top|led_disp:led_disp_u|nco:u_nco ; work         ;
+----------------------------+-------------------+--------------+-------------+--------------+---------+-----------+------+--------------+------------------------------------+--------------+
Note: For table entries with two numbers listed, the numbers in parentheses indicate the number of resources of the given type used by the specific entity alone. The numbers listed outside of parentheses indicate the total resources of the given type used by the specific entity and all of its sub-entities in the hierarchy.


Encoding Type:  One-Hot
+--------------------------------------------------------------------------------+
; State Machine - |top|ir_rx:ir_rx_u_ir|state                                    ;
+----------------+----------------+----------------+----------------+------------+
; Name           ; state.COMPLETE ; state.DATACODE ; state.LEADCODE ; state.IDLE ;
+----------------+----------------+----------------+----------------+------------+
; state.IDLE     ; 0              ; 0              ; 0              ; 0          ;
; state.LEADCODE ; 0              ; 0              ; 1              ; 1          ;
; state.DATACODE ; 0              ; 1              ; 0              ; 1          ;
; state.COMPLETE ; 1              ; 0              ; 0              ; 1          ;
+----------------+----------------+----------------+----------------+------------+


+---------------------------------------------------------------------------------+
; Registers Removed During Synthesis                                              ;
+----------------------------------------+----------------------------------------+
; Register name                          ; Reason for Removal                     ;
+----------------------------------------+----------------------------------------+
; ir_rx:ir_rx_u_ir|state~6               ; Lost fanout                            ;
; ir_rx:ir_rx_u_ir|state~7               ; Lost fanout                            ;
; led_disp:led_disp_u|cnt_common_node[3] ; Stuck at GND due to stuck port data_in ;
; Total Number of Removed Registers = 3  ;                                        ;
+----------------------------------------+----------------------------------------+


+------------------------------------------------------+
; General Register Statistics                          ;
+----------------------------------------------+-------+
; Statistic                                    ; Value ;
+----------------------------------------------+-------+
; Total registers                              ; 161   ;
; Number of registers using Synchronous Clear  ; 96    ;
; Number of registers using Synchronous Load   ; 0     ;
; Number of registers using Asynchronous Clear ; 137   ;
; Number of registers using Asynchronous Load  ; 0     ;
; Number of registers using Clock Enable       ; 56    ;
; Number of registers using Preset             ; 0     ;
+----------------------------------------------+-------+


+-----------------------------------------------------------------------------------------------------------------------------------------------+
; Multiplexer Restructuring Statistics (Restructuring Performed)                                                                                ;
+--------------------+-----------+---------------+----------------------+------------------------+------------+---------------------------------+
; Multiplexer Inputs ; Bus Width ; Baseline Area ; Area if Restructured ; Saving if Restructured ; Registered ; Example Multiplexer Output      ;
+--------------------+-----------+---------------+----------------------+------------------------+------------+---------------------------------+
; 4:1                ; 16 bits   ; 32 LEs        ; 16 LEs               ; 16 LEs                 ; Yes        ; |top|ir_rx:ir_rx_u_ir|cnt_h[15] ;
; 4:1                ; 16 bits   ; 32 LEs        ; 16 LEs               ; 16 LEs                 ; Yes        ; |top|ir_rx:ir_rx_u_ir|cnt_l[0]  ;
; 16:1               ; 7 bits    ; 70 LEs        ; 35 LEs               ; 35 LEs                 ; No         ; |top|led_disp:led_disp_u|Mux1   ;
+--------------------+-----------+---------------+----------------------+------------------------+------------+---------------------------------+


+---------------------------------------------------------------+
; Parameter Settings for User Entity Instance: ir_rx:ir_rx_u_ir ;
+----------------+-------+--------------------------------------+
; Parameter Name ; Value ; Type                                 ;
+----------------+-------+--------------------------------------+
; IDLE           ; 00    ; Unsigned Binary                      ;
; LEADCODE       ; 01    ; Unsigned Binary                      ;
; DATACODE       ; 10    ; Unsigned Binary                      ;
; COMPLETE       ; 11    ; Unsigned Binary                      ;
+----------------+-------+--------------------------------------+
Note: In order to hide this table in the UI and the text report file, please set the "Show Parameter Settings in Synthesis Report" option in "Analysis and Synthesis Settings -> More Settings" to "Off".


+-----------------------------------------------------------+
; Port Connectivity Checks: "led_disp:led_disp_u|nco:u_nco" ;
+-------------------+-------+----------+--------------------+
; Port              ; Type  ; Severity ; Details            ;
+-------------------+-------+----------+--------------------+
; i_nco_num[9..7]   ; Input ; Info     ; Stuck at VCC       ;
; i_nco_num[31..13] ; Input ; Info     ; Stuck at GND       ;
; i_nco_num[11..10] ; Input ; Info     ; Stuck at GND       ;
; i_nco_num[6..4]   ; Input ; Info     ; Stuck at GND       ;
; i_nco_num[2..0]   ; Input ; Info     ; Stuck at GND       ;
; i_nco_num[12]     ; Input ; Info     ; Stuck at VCC       ;
; i_nco_num[3]      ; Input ; Info     ; Stuck at VCC       ;
+-------------------+-------+----------+--------------------+


+-------------------------------------------------+
; Port Connectivity Checks: "led_disp:led_disp_u" ;
+----------+-------+----------+-------------------+
; Port     ; Type  ; Severity ; Details           ;
+----------+-------+----------+-------------------+
; i_six_dp ; Input ; Info     ; Stuck at GND      ;
+----------+-------+----------+-------------------+


+--------------------------------------------------------+
; Port Connectivity Checks: "ir_rx:ir_rx_u_ir|nco:u_nco" ;
+------------------+-------+----------+------------------+
; Port             ; Type  ; Severity ; Details          ;
+------------------+-------+----------+------------------+
; i_nco_num[5..4]  ; Input ; Info     ; Stuck at VCC     ;
; i_nco_num[31..6] ; Input ; Info     ; Stuck at GND     ;
; i_nco_num[3..2]  ; Input ; Info     ; Stuck at GND     ;
; i_nco_num[1]     ; Input ; Info     ; Stuck at VCC     ;
; i_nco_num[0]     ; Input ; Info     ; Stuck at GND     ;
+------------------+-------+----------+------------------+


+--------------------------------------------------------------------------------------------------------------------------+
; Port Connectivity Checks: "ir_rx:ir_rx_u_ir"                                                                             ;
+----------------+--------+----------+-------------------------------------------------------------------------------------+
; Port           ; Type   ; Severity ; Details                                                                             ;
+----------------+--------+----------+-------------------------------------------------------------------------------------+
; o_data[31..24] ; Output ; Info     ; Connected to dangling logic. Logic that only feeds a dangling port will be removed. ;
+----------------+--------+----------+-------------------------------------------------------------------------------------+


+-------------------------------+
; Elapsed Time Per Partition    ;
+----------------+--------------+
; Partition Name ; Elapsed Time ;
+----------------+--------------+
; Top            ; 00:00:00     ;
+----------------+--------------+


+-------------------------------+
; Analysis & Synthesis Messages ;
+-------------------------------+
Info: *******************************************************************
Info: Running Quartus II 64-Bit Analysis & Synthesis
    Info: Version 13.1.0 Build 162 10/23/2013 SJ Web Edition
    Info: Processing started: Mon Nov 25 18:46:04 2019
Info: Command: quartus_map --read_settings_files=on --write_settings_files=off top -c top
Warning (20028): Parallel compilation is not licensed and has been disabled
Info (12021): Found 1 design units, including 1 entities, in source file tb.v
    Info (12023): Found entity 1: tb
Info (12021): Found 6 design units, including 6 entities, in source file practice09.v
    Info (12023): Found entity 1: nco
    Info (12023): Found entity 2: fnd_dec
    Info (12023): Found entity 3: double_fig_sep
    Info (12023): Found entity 4: led_disp
    Info (12023): Found entity 5: ir_rx
    Info (12023): Found entity 6: top
Info (12127): Elaborating entity "top" for the top level hierarchy
Info (12128): Elaborating entity "ir_rx" for hierarchy "ir_rx:ir_rx_u_ir"
Warning (10230): Verilog HDL assignment warning at practice09.v(245): truncated value with size 32 to match size of target (16)
Warning (10230): Verilog HDL assignment warning at practice09.v(250): truncated value with size 32 to match size of target (16)
Warning (10230): Verilog HDL assignment warning at practice09.v(277): truncated value with size 32 to match size of target (6)
Info (10264): Verilog HDL Case Statement information at practice09.v(299): all case item expressions in this case statement are onehot
Info (12128): Elaborating entity "nco" for hierarchy "ir_rx:ir_rx_u_ir|nco:u_nco"
Info (12128): Elaborating entity "fnd_dec" for hierarchy "fnd_dec:fnd_dec_u0"
Info (12128): Elaborating entity "led_disp" for hierarchy "led_disp:led_disp_u"
Warning (10235): Verilog HDL Always Construct warning at practice09.v(168): variable "i_six_dp" is read inside the Always Construct but isn't in the Always Construct's Event Control
Warning (10235): Verilog HDL Always Construct warning at practice09.v(169): variable "i_six_dp" is read inside the Always Construct but isn't in the Always Construct's Event Control
Warning (10235): Verilog HDL Always Construct warning at practice09.v(170): variable "i_six_dp" is read inside the Always Construct but isn't in the Always Construct's Event Control
Warning (10235): Verilog HDL Always Construct warning at practice09.v(171): variable "i_six_dp" is read inside the Always Construct but isn't in the Always Construct's Event Control
Warning (10235): Verilog HDL Always Construct warning at practice09.v(172): variable "i_six_dp" is read inside the Always Construct but isn't in the Always Construct's Event Control
Warning (10235): Verilog HDL Always Construct warning at practice09.v(173): variable "i_six_dp" is read inside the Always Construct but isn't in the Always Construct's Event Control
Warning (10235): Verilog HDL Always Construct warning at practice09.v(182): variable "i_six_digit_seg" is read inside the Always Construct but isn't in the Always Construct's Event Control
Warning (10235): Verilog HDL Always Construct warning at practice09.v(183): variable "i_six_digit_seg" is read inside the Always Construct but isn't in the Always Construct's Event Control
Warning (10235): Verilog HDL Always Construct warning at practice09.v(184): variable "i_six_digit_seg" is read inside the Always Construct but isn't in the Always Construct's Event Control
Warning (10235): Verilog HDL Always Construct warning at practice09.v(185): variable "i_six_digit_seg" is read inside the Always Construct but isn't in the Always Construct's Event Control
Warning (10235): Verilog HDL Always Construct warning at practice09.v(186): variable "i_six_digit_seg" is read inside the Always Construct but isn't in the Always Construct's Event Control
Warning (10235): Verilog HDL Always Construct warning at practice09.v(187): variable "i_six_digit_seg" is read inside the Always Construct but isn't in the Always Construct's Event Control
Warning (13024): Output pins are stuck at VCC or GND
    Warning (13410): Pin "o_seg_dp" is stuck at GND
Info (286030): Timing-Driven Synthesis is running
Info (17049): 2 registers lost all their fanouts during netlist optimizations.
Info (16010): Generating hard_block partition "hard_block:auto_generated_inst"
    Info (16011): Adding 0 node(s), including 0 DDIO, 0 PLL, 0 transceiver and 0 LCELL
Info (21057): Implemented 316 device resources after synthesis - the final resource count might be different
    Info (21058): Implemented 3 input pins
    Info (21059): Implemented 14 output pins
    Info (21061): Implemented 299 logic cells
Info: Quartus II 64-Bit Analysis & Synthesis was successful. 0 errors, 18 warnings
    Info: Peak virtual memory: 4628 megabytes
    Info: Processing ended: Mon Nov 25 18:46:06 2019
    Info: Elapsed time: 00:00:02
    Info: Total CPU time (on all processors): 00:00:02


